{
  "/Users/yannbraga/open-source/storybook-coverage-recipes/preact/.storybook/preview.js": {
    "path": "/Users/yannbraga/open-source/storybook-coverage-recipes/preact/.storybook/preview.js",
    "statementMap": {
      "0": {
        "start": {
          "line": 1,
          "column": 26
        },
        "end": {
          "line": 9,
          "column": 1
        }
      }
    },
    "fnMap": {},
    "branchMap": {},
    "s": {
      "0": 10
    },
    "f": {},
    "b": {},
    "_coverageSchema": "1a1c01bbd47fc00a2c39e90264f33305004495a9",
    "hash": "ff5ebcc0fe3ec00141a98819edf8345df5a1a532"
  },
  "/Users/yannbraga/open-source/storybook-coverage-recipes/preact/src/stories/Button.jsx": {
    "path": "/Users/yannbraga/open-source/storybook-coverage-recipes/preact/src/stories/Button.jsx",
    "statementMap": {
      "0": {
        "start": {
          "line": 9,
          "column": 22
        },
        "end": {
          "line": 21,
          "column": 1
        }
      },
      "1": {
        "start": {
          "line": 10,
          "column": 15
        },
        "end": {
          "line": 10,
          "column": 84
        }
      },
      "2": {
        "start": {
          "line": 11,
          "column": 2
        },
        "end": {
          "line": 20,
          "column": 4
        }
      },
      "3": {
        "start": {
          "line": 23,
          "column": 0
        },
        "end": {
          "line": 44,
          "column": 2
        }
      },
      "4": {
        "start": {
          "line": 46,
          "column": 0
        },
        "end": {
          "line": 51,
          "column": 2
        }
      }
    },
    "fnMap": {
      "0": {
        "name": "(anonymous_0)",
        "decl": {
          "start": {
            "line": 9,
            "column": 22
          },
          "end": {
            "line": 9,
            "column": 23
          }
        },
        "loc": {
          "start": {
            "line": 9,
            "column": 79
          },
          "end": {
            "line": 21,
            "column": 1
          }
        },
        "line": 9
      }
    },
    "branchMap": {
      "0": {
        "loc": {
          "start": {
            "line": 10,
            "column": 15
          },
          "end": {
            "line": 10,
            "column": 84
          }
        },
        "type": "cond-expr",
        "locations": [
          {
            "start": {
              "line": 10,
              "column": 25
            },
            "end": {
              "line": 10,
              "column": 52
            }
          },
          {
            "start": {
              "line": 10,
              "column": 55
            },
            "end": {
              "line": 10,
              "column": 84
            }
          }
        ],
        "line": 10
      },
      "1": {
        "loc": {
          "start": {
            "line": 15,
            "column": 13
          },
          "end": {
            "line": 15,
            "column": 51
          }
        },
        "type": "binary-expr",
        "locations": [
          {
            "start": {
              "line": 15,
              "column": 13
            },
            "end": {
              "line": 15,
              "column": 28
            }
          },
          {
            "start": {
              "line": 15,
              "column": 32
            },
            "end": {
              "line": 15,
              "column": 51
            }
          }
        ],
        "line": 15
      }
    },
    "s": {
      "0": 10,
      "1": 28,
      "2": 28,
      "3": 10,
      "4": 10
    },
    "f": {
      "0": 28
    },
    "b": {
      "0": [
        10,
        18
      ],
      "1": [
        28,
        0
      ]
    },
    "_coverageSchema": "1a1c01bbd47fc00a2c39e90264f33305004495a9",
    "hash": "cc36f9d29dec4c6f5e9173b2942b1fda11ca6fd8"
  },
  "/Users/yannbraga/open-source/storybook-coverage-recipes/preact/src/stories/Header.jsx": {
    "path": "/Users/yannbraga/open-source/storybook-coverage-recipes/preact/src/stories/Header.jsx",
    "statementMap": {
      "0": {
        "start": {
          "line": 8,
          "column": 22
        },
        "end": {
          "line": 47,
          "column": 1
        }
      },
      "1": {
        "start": {
          "line": 9,
          "column": 2
        },
        "end": {
          "line": 46,
          "column": 11
        }
      },
      "2": {
        "start": {
          "line": 49,
          "column": 0
        },
        "end": {
          "line": 54,
          "column": 2
        }
      },
      "3": {
        "start": {
          "line": 56,
          "column": 0
        },
        "end": {
          "line": 58,
          "column": 2
        }
      }
    },
    "fnMap": {
      "0": {
        "name": "(anonymous_0)",
        "decl": {
          "start": {
            "line": 8,
            "column": 22
          },
          "end": {
            "line": 8,
            "column": 23
          }
        },
        "loc": {
          "start": {
            "line": 9,
            "column": 2
          },
          "end": {
            "line": 46,
            "column": 11
          }
        },
        "line": 9
      }
    },
    "branchMap": {
      "0": {
        "loc": {
          "start": {
            "line": 31,
            "column": 9
          },
          "end": {
            "line": 43,
            "column": 9
          }
        },
        "type": "cond-expr",
        "locations": [
          {
            "start": {
              "line": 32,
              "column": 10
            },
            "end": {
              "line": 37,
              "column": 21
            }
          },
          {
            "start": {
              "line": 39,
              "column": 10
            },
            "end": {
              "line": 42,
              "column": 21
            }
          }
        ],
        "line": 31
      }
    },
    "s": {
      "0": 10,
      "1": 9,
      "2": 10,
      "3": 10
    },
    "f": {
      "0": 9
    },
    "b": {
      "0": [
        4,
        5
      ]
    },
    "_coverageSchema": "1a1c01bbd47fc00a2c39e90264f33305004495a9",
    "hash": "a774fca7a9991c26fe753f6a523811e8f591cf80"
  },
  "/Users/yannbraga/open-source/storybook-coverage-recipes/preact/src/stories/Page.jsx": {
    "path": "/Users/yannbraga/open-source/storybook-coverage-recipes/preact/src/stories/Page.jsx",
    "statementMap": {
      "0": {
        "start": {
          "line": 8,
          "column": 20
        },
        "end": {
          "line": 71,
          "column": 1
        }
      },
      "1": {
        "start": {
          "line": 9,
          "column": 26
        },
        "end": {
          "line": 9,
          "column": 36
        }
      },
      "2": {
        "start": {
          "line": 11,
          "column": 2
        },
        "end": {
          "line": 70,
          "column": 4
        }
      },
      "3": {
        "start": {
          "line": 15,
          "column": 23
        },
        "end": {
          "line": 15,
          "column": 52
        }
      },
      "4": {
        "start": {
          "line": 16,
          "column": 24
        },
        "end": {
          "line": 16,
          "column": 42
        }
      },
      "5": {
        "start": {
          "line": 17,
          "column": 31
        },
        "end": {
          "line": 17,
          "column": 60
        }
      }
    },
    "fnMap": {
      "0": {
        "name": "(anonymous_0)",
        "decl": {
          "start": {
            "line": 8,
            "column": 20
          },
          "end": {
            "line": 8,
            "column": 21
          }
        },
        "loc": {
          "start": {
            "line": 8,
            "column": 26
          },
          "end": {
            "line": 71,
            "column": 1
          }
        },
        "line": 8
      },
      "1": {
        "name": "(anonymous_1)",
        "decl": {
          "start": {
            "line": 15,
            "column": 17
          },
          "end": {
            "line": 15,
            "column": 18
          }
        },
        "loc": {
          "start": {
            "line": 15,
            "column": 23
          },
          "end": {
            "line": 15,
            "column": 52
          }
        },
        "line": 15
      },
      "2": {
        "name": "(anonymous_2)",
        "decl": {
          "start": {
            "line": 16,
            "column": 18
          },
          "end": {
            "line": 16,
            "column": 19
          }
        },
        "loc": {
          "start": {
            "line": 16,
            "column": 24
          },
          "end": {
            "line": 16,
            "column": 42
          }
        },
        "line": 16
      },
      "3": {
        "name": "(anonymous_3)",
        "decl": {
          "start": {
            "line": 17,
            "column": 25
          },
          "end": {
            "line": 17,
            "column": 26
          }
        },
        "loc": {
          "start": {
            "line": 17,
            "column": 31
          },
          "end": {
            "line": 17,
            "column": 60
          }
        },
        "line": 17
      }
    },
    "branchMap": {},
    "s": {
      "0": 10,
      "1": 4,
      "2": 4,
      "3": 1,
      "4": 0,
      "5": 0
    },
    "f": {
      "0": 4,
      "1": 1,
      "2": 0,
      "3": 0
    },
    "b": {},
    "_coverageSchema": "1a1c01bbd47fc00a2c39e90264f33305004495a9",
    "hash": "69942fe4bc66e2142391ecade249b40bde4ad9c6"
  }
}