{
  "/Users/yannbraga/open-source/storybook-coverage-recipes/react/.storybook/preview.js": {
    "path": "/Users/yannbraga/open-source/storybook-coverage-recipes/react/.storybook/preview.js",
    "statementMap": {
      "0": {
        "start": {
          "line": 1,
          "column": 26
        },
        "end": {
          "line": 9,
          "column": 1
        }
      }
    },
    "fnMap": {},
    "branchMap": {},
    "s": {
      "0": 10
    },
    "f": {},
    "b": {},
    "_coverageSchema": "1a1c01bbd47fc00a2c39e90264f33305004495a9",
    "hash": "df3c2cbd7a3cb8b82acdb85d9b5807bb84e021b4"
  },
  "/Users/yannbraga/open-source/storybook-coverage-recipes/react/stories/Button.jsx": {
    "path": "/Users/yannbraga/open-source/storybook-coverage-recipes/react/stories/Button.jsx",
    "statementMap": {
      "0": {
        "start": {
          "line": 8,
          "column": 22
        },
        "end": {
          "line": 20,
          "column": 1
        }
      },
      "1": {
        "start": {
          "line": 9,
          "column": 15
        },
        "end": {
          "line": 9,
          "column": 84
        }
      },
      "2": {
        "start": {
          "line": 10,
          "column": 2
        },
        "end": {
          "line": 19,
          "column": 4
        }
      },
      "3": {
        "start": {
          "line": 22,
          "column": 0
        },
        "end": {
          "line": 43,
          "column": 2
        }
      },
      "4": {
        "start": {
          "line": 45,
          "column": 0
        },
        "end": {
          "line": 50,
          "column": 2
        }
      }
    },
    "fnMap": {
      "0": {
        "name": "(anonymous_0)",
        "decl": {
          "start": {
            "line": 8,
            "column": 22
          },
          "end": {
            "line": 8,
            "column": 23
          }
        },
        "loc": {
          "start": {
            "line": 8,
            "column": 79
          },
          "end": {
            "line": 20,
            "column": 1
          }
        },
        "line": 8
      }
    },
    "branchMap": {
      "0": {
        "loc": {
          "start": {
            "line": 9,
            "column": 15
          },
          "end": {
            "line": 9,
            "column": 84
          }
        },
        "type": "cond-expr",
        "locations": [
          {
            "start": {
              "line": 9,
              "column": 25
            },
            "end": {
              "line": 9,
              "column": 52
            }
          },
          {
            "start": {
              "line": 9,
              "column": 55
            },
            "end": {
              "line": 9,
              "column": 84
            }
          }
        ],
        "line": 9
      },
      "1": {
        "loc": {
          "start": {
            "line": 14,
            "column": 13
          },
          "end": {
            "line": 14,
            "column": 51
          }
        },
        "type": "binary-expr",
        "locations": [
          {
            "start": {
              "line": 14,
              "column": 13
            },
            "end": {
              "line": 14,
              "column": 28
            }
          },
          {
            "start": {
              "line": 14,
              "column": 32
            },
            "end": {
              "line": 14,
              "column": 51
            }
          }
        ],
        "line": 14
      }
    },
    "s": {
      "0": 10,
      "1": 30,
      "2": 30,
      "3": 10,
      "4": 10
    },
    "f": {
      "0": 30
    },
    "b": {
      "0": [
        11,
        19
      ],
      "1": [
        30,
        0
      ]
    },
    "_coverageSchema": "1a1c01bbd47fc00a2c39e90264f33305004495a9",
    "hash": "68451b744b1ccc5b36f82777635f409dfdaecb8c"
  },
  "/Users/yannbraga/open-source/storybook-coverage-recipes/react/stories/Header.jsx": {
    "path": "/Users/yannbraga/open-source/storybook-coverage-recipes/react/stories/Header.jsx",
    "statementMap": {
      "0": {
        "start": {
          "line": 7,
          "column": 22
        },
        "end": {
          "line": 46,
          "column": 1
        }
      },
      "1": {
        "start": {
          "line": 8,
          "column": 2
        },
        "end": {
          "line": 45,
          "column": 11
        }
      },
      "2": {
        "start": {
          "line": 48,
          "column": 0
        },
        "end": {
          "line": 53,
          "column": 2
        }
      },
      "3": {
        "start": {
          "line": 55,
          "column": 0
        },
        "end": {
          "line": 57,
          "column": 2
        }
      }
    },
    "fnMap": {
      "0": {
        "name": "(anonymous_0)",
        "decl": {
          "start": {
            "line": 7,
            "column": 22
          },
          "end": {
            "line": 7,
            "column": 23
          }
        },
        "loc": {
          "start": {
            "line": 8,
            "column": 2
          },
          "end": {
            "line": 45,
            "column": 11
          }
        },
        "line": 8
      }
    },
    "branchMap": {
      "0": {
        "loc": {
          "start": {
            "line": 30,
            "column": 9
          },
          "end": {
            "line": 42,
            "column": 9
          }
        },
        "type": "cond-expr",
        "locations": [
          {
            "start": {
              "line": 31,
              "column": 10
            },
            "end": {
              "line": 36,
              "column": 13
            }
          },
          {
            "start": {
              "line": 38,
              "column": 10
            },
            "end": {
              "line": 41,
              "column": 13
            }
          }
        ],
        "line": 30
      }
    },
    "s": {
      "0": 10,
      "1": 10,
      "2": 10,
      "3": 10
    },
    "f": {
      "0": 10
    },
    "b": {
      "0": [
        4,
        6
      ]
    },
    "_coverageSchema": "1a1c01bbd47fc00a2c39e90264f33305004495a9",
    "hash": "10943f3cfebdc9a30baf7b6aa92be3a423cf1b41"
  },
  "/Users/yannbraga/open-source/storybook-coverage-recipes/react/stories/Page.jsx": {
    "path": "/Users/yannbraga/open-source/storybook-coverage-recipes/react/stories/Page.jsx",
    "statementMap": {
      "0": {
        "start": {
          "line": 6,
          "column": 20
        },
        "end": {
          "line": 69,
          "column": 1
        }
      },
      "1": {
        "start": {
          "line": 7,
          "column": 26
        },
        "end": {
          "line": 7,
          "column": 42
        }
      },
      "2": {
        "start": {
          "line": 9,
          "column": 2
        },
        "end": {
          "line": 68,
          "column": 4
        }
      },
      "3": {
        "start": {
          "line": 13,
          "column": 23
        },
        "end": {
          "line": 13,
          "column": 52
        }
      },
      "4": {
        "start": {
          "line": 14,
          "column": 24
        },
        "end": {
          "line": 14,
          "column": 42
        }
      },
      "5": {
        "start": {
          "line": 15,
          "column": 31
        },
        "end": {
          "line": 15,
          "column": 60
        }
      }
    },
    "fnMap": {
      "0": {
        "name": "(anonymous_0)",
        "decl": {
          "start": {
            "line": 6,
            "column": 20
          },
          "end": {
            "line": 6,
            "column": 21
          }
        },
        "loc": {
          "start": {
            "line": 6,
            "column": 26
          },
          "end": {
            "line": 69,
            "column": 1
          }
        },
        "line": 6
      },
      "1": {
        "name": "(anonymous_1)",
        "decl": {
          "start": {
            "line": 13,
            "column": 17
          },
          "end": {
            "line": 13,
            "column": 18
          }
        },
        "loc": {
          "start": {
            "line": 13,
            "column": 23
          },
          "end": {
            "line": 13,
            "column": 52
          }
        },
        "line": 13
      },
      "2": {
        "name": "(anonymous_2)",
        "decl": {
          "start": {
            "line": 14,
            "column": 18
          },
          "end": {
            "line": 14,
            "column": 19
          }
        },
        "loc": {
          "start": {
            "line": 14,
            "column": 24
          },
          "end": {
            "line": 14,
            "column": 42
          }
        },
        "line": 14
      },
      "3": {
        "name": "(anonymous_3)",
        "decl": {
          "start": {
            "line": 15,
            "column": 25
          },
          "end": {
            "line": 15,
            "column": 26
          }
        },
        "loc": {
          "start": {
            "line": 15,
            "column": 31
          },
          "end": {
            "line": 15,
            "column": 60
          }
        },
        "line": 15
      }
    },
    "branchMap": {},
    "s": {
      "0": 10,
      "1": 7,
      "2": 7,
      "3": 2,
      "4": 0,
      "5": 0
    },
    "f": {
      "0": 7,
      "1": 2,
      "2": 0,
      "3": 0
    },
    "b": {},
    "_coverageSchema": "1a1c01bbd47fc00a2c39e90264f33305004495a9",
    "hash": "1de4246fcb22af4dbd6ffe8c4f06bc8748c1eef1"
  }
}