{
  "/Users/yannbraga/open-source/storybook-coverage-recipes/html/.storybook/preview.js": {
    "path": "/Users/yannbraga/open-source/storybook-coverage-recipes/html/.storybook/preview.js",
    "statementMap": {
      "0": {
        "start": {
          "line": 1,
          "column": 26
        },
        "end": {
          "line": 9,
          "column": 1
        }
      }
    },
    "fnMap": {},
    "branchMap": {},
    "s": {
      "0": 11
    },
    "f": {},
    "b": {},
    "_coverageSchema": "1a1c01bbd47fc00a2c39e90264f33305004495a9",
    "hash": "612f297b20b2e730e5097daceb5f69e1b69bd60d"
  },
  "/Users/yannbraga/open-source/storybook-coverage-recipes/html/stories/Button.js": {
    "path": "/Users/yannbraga/open-source/storybook-coverage-recipes/html/stories/Button.js",
    "statementMap": {
      "0": {
        "start": {
          "line": 3,
          "column": 28
        },
        "end": {
          "line": 21,
          "column": 1
        }
      },
      "1": {
        "start": {
          "line": 10,
          "column": 14
        },
        "end": {
          "line": 10,
          "column": 46
        }
      },
      "2": {
        "start": {
          "line": 11,
          "column": 2
        },
        "end": {
          "line": 11,
          "column": 22
        }
      },
      "3": {
        "start": {
          "line": 12,
          "column": 2
        },
        "end": {
          "line": 12,
          "column": 24
        }
      },
      "4": {
        "start": {
          "line": 13,
          "column": 2
        },
        "end": {
          "line": 13,
          "column": 41
        }
      },
      "5": {
        "start": {
          "line": 15,
          "column": 15
        },
        "end": {
          "line": 15,
          "column": 84
        }
      },
      "6": {
        "start": {
          "line": 16,
          "column": 2
        },
        "end": {
          "line": 16,
          "column": 84
        }
      },
      "7": {
        "start": {
          "line": 18,
          "column": 2
        },
        "end": {
          "line": 18,
          "column": 46
        }
      },
      "8": {
        "start": {
          "line": 20,
          "column": 2
        },
        "end": {
          "line": 20,
          "column": 13
        }
      }
    },
    "fnMap": {
      "0": {
        "name": "(anonymous_0)",
        "decl": {
          "start": {
            "line": 3,
            "column": 28
          },
          "end": {
            "line": 3,
            "column": 29
          }
        },
        "loc": {
          "start": {
            "line": 9,
            "column": 6
          },
          "end": {
            "line": 21,
            "column": 1
          }
        },
        "line": 9
      }
    },
    "branchMap": {
      "0": {
        "loc": {
          "start": {
            "line": 4,
            "column": 2
          },
          "end": {
            "line": 4,
            "column": 17
          }
        },
        "type": "default-arg",
        "locations": [
          {
            "start": {
              "line": 4,
              "column": 12
            },
            "end": {
              "line": 4,
              "column": 17
            }
          }
        ],
        "line": 4
      },
      "1": {
        "loc": {
          "start": {
            "line": 5,
            "column": 2
          },
          "end": {
            "line": 5,
            "column": 17
          }
        },
        "type": "default-arg",
        "locations": [
          {
            "start": {
              "line": 5,
              "column": 9
            },
            "end": {
              "line": 5,
              "column": 17
            }
          }
        ],
        "line": 5
      },
      "2": {
        "loc": {
          "start": {
            "line": 15,
            "column": 15
          },
          "end": {
            "line": 15,
            "column": 84
          }
        },
        "type": "cond-expr",
        "locations": [
          {
            "start": {
              "line": 15,
              "column": 25
            },
            "end": {
              "line": 15,
              "column": 52
            }
          },
          {
            "start": {
              "line": 15,
              "column": 55
            },
            "end": {
              "line": 15,
              "column": 84
            }
          }
        ],
        "line": 15
      }
    },
    "s": {
      "0": 11,
      "1": 33,
      "2": 33,
      "3": 33,
      "4": 33,
      "5": 33,
      "6": 33,
      "7": 33,
      "8": 33
    },
    "f": {
      "0": 33
    },
    "b": {
      "0": [
        21
      ],
      "1": [
        9
      ],
      "2": [
        12,
        21
      ]
    },
    "_coverageSchema": "1a1c01bbd47fc00a2c39e90264f33305004495a9",
    "hash": "eb607795f70af86c75a28c99a65fd6bb27db1470"
  },
  "/Users/yannbraga/open-source/storybook-coverage-recipes/html/stories/Header.js": {
    "path": "/Users/yannbraga/open-source/storybook-coverage-recipes/html/stories/Header.js",
    "statementMap": {
      "0": {
        "start": {
          "line": 4,
          "column": 28
        },
        "end": {
          "line": 47,
          "column": 1
        }
      },
      "1": {
        "start": {
          "line": 5,
          "column": 17
        },
        "end": {
          "line": 5,
          "column": 49
        }
      },
      "2": {
        "start": {
          "line": 7,
          "column": 18
        },
        "end": {
          "line": 7,
          "column": 47
        }
      },
      "3": {
        "start": {
          "line": 8,
          "column": 2
        },
        "end": {
          "line": 8,
          "column": 32
        }
      },
      "4": {
        "start": {
          "line": 10,
          "column": 15
        },
        "end": {
          "line": 23,
          "column": 9
        }
      },
      "5": {
        "start": {
          "line": 25,
          "column": 2
        },
        "end": {
          "line": 25,
          "column": 49
        }
      },
      "6": {
        "start": {
          "line": 27,
          "column": 18
        },
        "end": {
          "line": 27,
          "column": 47
        }
      },
      "7": {
        "start": {
          "line": 28,
          "column": 2
        },
        "end": {
          "line": 42,
          "column": 3
        }
      },
      "8": {
        "start": {
          "line": 29,
          "column": 27
        },
        "end": {
          "line": 29,
          "column": 87
        }
      },
      "9": {
        "start": {
          "line": 30,
          "column": 4
        },
        "end": {
          "line": 30,
          "column": 39
        }
      },
      "10": {
        "start": {
          "line": 31,
          "column": 4
        },
        "end": {
          "line": 31,
          "column": 94
        }
      },
      "11": {
        "start": {
          "line": 33,
          "column": 4
        },
        "end": {
          "line": 33,
          "column": 92
        }
      },
      "12": {
        "start": {
          "line": 34,
          "column": 4
        },
        "end": {
          "line": 41,
          "column": 6
        }
      },
      "13": {
        "start": {
          "line": 43,
          "column": 2
        },
        "end": {
          "line": 43,
          "column": 31
        }
      },
      "14": {
        "start": {
          "line": 44,
          "column": 2
        },
        "end": {
          "line": 44,
          "column": 30
        }
      },
      "15": {
        "start": {
          "line": 46,
          "column": 2
        },
        "end": {
          "line": 46,
          "column": 16
        }
      }
    },
    "fnMap": {
      "0": {
        "name": "(anonymous_0)",
        "decl": {
          "start": {
            "line": 4,
            "column": 28
          },
          "end": {
            "line": 4,
            "column": 29
          }
        },
        "loc": {
          "start": {
            "line": 4,
            "column": 78
          },
          "end": {
            "line": 47,
            "column": 1
          }
        },
        "line": 4
      }
    },
    "branchMap": {
      "0": {
        "loc": {
          "start": {
            "line": 28,
            "column": 2
          },
          "end": {
            "line": 42,
            "column": 3
          }
        },
        "type": "if",
        "locations": [
          {
            "start": {
              "line": 28,
              "column": 2
            },
            "end": {
              "line": 42,
              "column": 3
            }
          },
          {
            "start": {
              "line": 32,
              "column": 9
            },
            "end": {
              "line": 42,
              "column": 3
            }
          }
        ],
        "line": 28
      }
    },
    "s": {
      "0": 11,
      "1": 12,
      "2": 12,
      "3": 12,
      "4": 12,
      "5": 12,
      "6": 12,
      "7": 12,
      "8": 5,
      "9": 5,
      "10": 5,
      "11": 7,
      "12": 7,
      "13": 12,
      "14": 12,
      "15": 12
    },
    "f": {
      "0": 12
    },
    "b": {
      "0": [
        5,
        7
      ]
    },
    "_coverageSchema": "1a1c01bbd47fc00a2c39e90264f33305004495a9",
    "hash": "c013ece5deda0085b4eb54c3dee813faf235369f"
  },
  "/Users/yannbraga/open-source/storybook-coverage-recipes/html/stories/Page.js": {
    "path": "/Users/yannbraga/open-source/storybook-coverage-recipes/html/stories/Page.js",
    "statementMap": {
      "0": {
        "start": {
          "line": 4,
          "column": 26
        },
        "end": {
          "line": 94,
          "column": 1
        }
      },
      "1": {
        "start": {
          "line": 5,
          "column": 18
        },
        "end": {
          "line": 5,
          "column": 51
        }
      },
      "2": {
        "start": {
          "line": 6,
          "column": 13
        },
        "end": {
          "line": 6,
          "column": 17
        }
      },
      "3": {
        "start": {
          "line": 7,
          "column": 15
        },
        "end": {
          "line": 7,
          "column": 19
        }
      },
      "4": {
        "start": {
          "line": 9,
          "column": 25
        },
        "end": {
          "line": 12,
          "column": 3
        }
      },
      "5": {
        "start": {
          "line": 10,
          "column": 20
        },
        "end": {
          "line": 10,
          "column": 63
        }
      },
      "6": {
        "start": {
          "line": 11,
          "column": 4
        },
        "end": {
          "line": 11,
          "column": 68
        }
      },
      "7": {
        "start": {
          "line": 14,
          "column": 18
        },
        "end": {
          "line": 17,
          "column": 3
        }
      },
      "8": {
        "start": {
          "line": 15,
          "column": 4
        },
        "end": {
          "line": 15,
          "column": 32
        }
      },
      "9": {
        "start": {
          "line": 16,
          "column": 4
        },
        "end": {
          "line": 16,
          "column": 21
        }
      },
      "10": {
        "start": {
          "line": 19,
          "column": 19
        },
        "end": {
          "line": 22,
          "column": 3
        }
      },
      "11": {
        "start": {
          "line": 20,
          "column": 4
        },
        "end": {
          "line": 20,
          "column": 16
        }
      },
      "12": {
        "start": {
          "line": 21,
          "column": 4
        },
        "end": {
          "line": 21,
          "column": 21
        }
      },
      "13": {
        "start": {
          "line": 24,
          "column": 26
        },
        "end": {
          "line": 27,
          "column": 3
        }
      },
      "14": {
        "start": {
          "line": 25,
          "column": 4
        },
        "end": {
          "line": 25,
          "column": 32
        }
      },
      "15": {
        "start": {
          "line": 26,
          "column": 4
        },
        "end": {
          "line": 26,
          "column": 21
        }
      },
      "16": {
        "start": {
          "line": 29,
          "column": 30
        },
        "end": {
          "line": 31,
          "column": 3
        }
      },
      "17": {
        "start": {
          "line": 30,
          "column": 4
        },
        "end": {
          "line": 30,
          "column": 70
        }
      },
      "18": {
        "start": {
          "line": 33,
          "column": 2
        },
        "end": {
          "line": 33,
          "column": 33
        }
      },
      "19": {
        "start": {
          "line": 34,
          "column": 2
        },
        "end": {
          "line": 34,
          "column": 30
        }
      },
      "20": {
        "start": {
          "line": 36,
          "column": 18
        },
        "end": {
          "line": 89,
          "column": 1
        }
      },
      "21": {
        "start": {
          "line": 91,
          "column": 2
        },
        "end": {
          "line": 91,
          "column": 51
        }
      },
      "22": {
        "start": {
          "line": 93,
          "column": 2
        },
        "end": {
          "line": 93,
          "column": 17
        }
      }
    },
    "fnMap": {
      "0": {
        "name": "(anonymous_0)",
        "decl": {
          "start": {
            "line": 4,
            "column": 26
          },
          "end": {
            "line": 4,
            "column": 27
          }
        },
        "loc": {
          "start": {
            "line": 4,
            "column": 32
          },
          "end": {
            "line": 94,
            "column": 1
          }
        },
        "line": 4
      },
      "1": {
        "name": "(anonymous_1)",
        "decl": {
          "start": {
            "line": 9,
            "column": 25
          },
          "end": {
            "line": 9,
            "column": 26
          }
        },
        "loc": {
          "start": {
            "line": 9,
            "column": 31
          },
          "end": {
            "line": 12,
            "column": 3
          }
        },
        "line": 9
      },
      "2": {
        "name": "(anonymous_2)",
        "decl": {
          "start": {
            "line": 14,
            "column": 18
          },
          "end": {
            "line": 14,
            "column": 19
          }
        },
        "loc": {
          "start": {
            "line": 14,
            "column": 24
          },
          "end": {
            "line": 17,
            "column": 3
          }
        },
        "line": 14
      },
      "3": {
        "name": "(anonymous_3)",
        "decl": {
          "start": {
            "line": 19,
            "column": 19
          },
          "end": {
            "line": 19,
            "column": 20
          }
        },
        "loc": {
          "start": {
            "line": 19,
            "column": 25
          },
          "end": {
            "line": 22,
            "column": 3
          }
        },
        "line": 19
      },
      "4": {
        "name": "(anonymous_4)",
        "decl": {
          "start": {
            "line": 24,
            "column": 26
          },
          "end": {
            "line": 24,
            "column": 27
          }
        },
        "loc": {
          "start": {
            "line": 24,
            "column": 32
          },
          "end": {
            "line": 27,
            "column": 3
          }
        },
        "line": 24
      },
      "5": {
        "name": "(anonymous_5)",
        "decl": {
          "start": {
            "line": 29,
            "column": 30
          },
          "end": {
            "line": 29,
            "column": 31
          }
        },
        "loc": {
          "start": {
            "line": 29,
            "column": 36
          },
          "end": {
            "line": 31,
            "column": 3
          }
        },
        "line": 29
      }
    },
    "branchMap": {},
    "s": {
      "0": 11,
      "1": 5,
      "2": 5,
      "3": 5,
      "4": 5,
      "5": 2,
      "6": 2,
      "7": 5,
      "8": 2,
      "9": 2,
      "10": 5,
      "11": 0,
      "12": 0,
      "13": 5,
      "14": 0,
      "15": 0,
      "16": 5,
      "17": 7,
      "18": 5,
      "19": 5,
      "20": 5,
      "21": 5,
      "22": 5
    },
    "f": {
      "0": 5,
      "1": 2,
      "2": 2,
      "3": 0,
      "4": 0,
      "5": 7
    },
    "b": {},
    "_coverageSchema": "1a1c01bbd47fc00a2c39e90264f33305004495a9",
    "hash": "502fe0db55ddc389ceecfe85dfeb394ed7d31557"
  }
}