{
  "/Users/yannbraga/open-source/storybook-coverage-recipes/react_vite/src/stories/Button.jsx": {
    "path": "/Users/yannbraga/open-source/storybook-coverage-recipes/react_vite/src/stories/Button.jsx",
    "statementMap": {
      "0": {
        "start": {
          "line": 4,
          "column": 0
        },
        "end": {
          "line": 14,
          "column": 1
        }
      },
      "1": {
        "start": {
          "line": 5,
          "column": 2
        },
        "end": {
          "line": 7,
          "column": 3
        }
      },
      "2": {
        "start": {
          "line": 6,
          "column": 4
        },
        "end": {
          "line": 6,
          "column": 165
        }
      },
      "3": {
        "start": {
          "line": 8,
          "column": 2
        },
        "end": {
          "line": 8,
          "column": 39
        }
      },
      "4": {
        "start": {
          "line": 9,
          "column": 2
        },
        "end": {
          "line": 9,
          "column": 39
        }
      },
      "5": {
        "start": {
          "line": 10,
          "column": 2
        },
        "end": {
          "line": 12,
          "column": 4
        }
      },
      "6": {
        "start": {
          "line": 11,
          "column": 4
        },
        "end": {
          "line": 11,
          "column": 133
        }
      },
      "7": {
        "start": {
          "line": 13,
          "column": 2
        },
        "end": {
          "line": 13,
          "column": 75
        }
      },
      "8": {
        "start": {
          "line": 15,
          "column": 19
        },
        "end": {
          "line": 15,
          "column": 110
        }
      },
      "9": {
        "start": {
          "line": 20,
          "column": 22
        },
        "end": {
          "line": 41,
          "column": 1
        }
      },
      "10": {
        "start": {
          "line": 27,
          "column": 15
        },
        "end": {
          "line": 27,
          "column": 84
        }
      },
      "11": {
        "start": {
          "line": 28,
          "column": 2
        },
        "end": {
          "line": 40,
          "column": 13
        }
      },
      "12": {
        "start": {
          "line": 42,
          "column": 0
        },
        "end": {
          "line": 42,
          "column": 12
        }
      },
      "13": {
        "start": {
          "line": 43,
          "column": 0
        },
        "end": {
          "line": 49,
          "column": 2
        }
      },
      "14": {
        "start": {
          "line": 50,
          "column": 0
        },
        "end": {
          "line": 55,
          "column": 2
        }
      },
      "15": {
        "start": {
          "line": 57,
          "column": 0
        },
        "end": {
          "line": 124,
          "column": 2
        }
      },
      "16": {
        "start": {
          "line": 126,
          "column": 0
        },
        "end": {
          "line": 126,
          "column": 27
        }
      },
      "17": {
        "start": {
          "line": 127,
          "column": 0
        },
        "end": {
          "line": 137,
          "column": 1
        }
      },
      "18": {
        "start": {
          "line": 128,
          "column": 2
        },
        "end": {
          "line": 128,
          "column": 39
        }
      },
      "19": {
        "start": {
          "line": 129,
          "column": 2
        },
        "end": {
          "line": 129,
          "column": 39
        }
      },
      "20": {
        "start": {
          "line": 130,
          "column": 2
        },
        "end": {
          "line": 130,
          "column": 27
        }
      },
      "21": {
        "start": {
          "line": 131,
          "column": 2
        },
        "end": {
          "line": 136,
          "column": 3
        }
      },
      "22": {
        "start": {
          "line": 132,
          "column": 4
        },
        "end": {
          "line": 135,
          "column": 11
        }
      },
      "23": {
        "start": {
          "line": 133,
          "column": 6
        },
        "end": {
          "line": 133,
          "column": 45
        }
      },
      "24": {
        "start": {
          "line": 134,
          "column": 6
        },
        "end": {
          "line": 134,
          "column": 43
        }
      }
    },
    "fnMap": {
      "0": {
        "name": "(anonymous_0)",
        "decl": {
          "start": {
            "line": 10,
            "column": 24
          },
          "end": {
            "line": 10,
            "column": 25
          }
        },
        "loc": {
          "start": {
            "line": 10,
            "column": 38
          },
          "end": {
            "line": 12,
            "column": 3
          }
        },
        "line": 10
      },
      "1": {
        "name": "(anonymous_1)",
        "decl": {
          "start": {
            "line": 20,
            "column": 22
          },
          "end": {
            "line": 20,
            "column": 23
          }
        },
        "loc": {
          "start": {
            "line": 26,
            "column": 6
          },
          "end": {
            "line": 41,
            "column": 1
          }
        },
        "line": 26
      },
      "2": {
        "name": "(anonymous_2)",
        "decl": {
          "start": {
            "line": 132,
            "column": 52
          },
          "end": {
            "line": 132,
            "column": 53
          }
        },
        "loc": {
          "start": {
            "line": 132,
            "column": 58
          },
          "end": {
            "line": 135,
            "column": 5
          }
        },
        "line": 132
      }
    },
    "branchMap": {
      "0": {
        "loc": {
          "start": {
            "line": 4,
            "column": 0
          },
          "end": {
            "line": 14,
            "column": 1
          }
        },
        "type": "if",
        "locations": [
          {
            "start": {
              "line": 4,
              "column": 0
            },
            "end": {
              "line": 14,
              "column": 1
            }
          },
          {
            "start": {},
            "end": {}
          }
        ],
        "line": 4
      },
      "1": {
        "loc": {
          "start": {
            "line": 5,
            "column": 2
          },
          "end": {
            "line": 7,
            "column": 3
          }
        },
        "type": "if",
        "locations": [
          {
            "start": {
              "line": 5,
              "column": 2
            },
            "end": {
              "line": 7,
              "column": 3
            }
          },
          {
            "start": {},
            "end": {}
          }
        ],
        "line": 5
      },
      "2": {
        "loc": {
          "start": {
            "line": 27,
            "column": 15
          },
          "end": {
            "line": 27,
            "column": 84
          }
        },
        "type": "cond-expr",
        "locations": [
          {
            "start": {
              "line": 27,
              "column": 25
            },
            "end": {
              "line": 27,
              "column": 52
            }
          },
          {
            "start": {
              "line": 27,
              "column": 55
            },
            "end": {
              "line": 27,
              "column": 84
            }
          }
        ],
        "line": 27
      },
      "3": {
        "loc": {
          "start": {
            "line": 31,
            "column": 11
          },
          "end": {
            "line": 33,
            "column": 5
          }
        },
        "type": "binary-expr",
        "locations": [
          {
            "start": {
              "line": 31,
              "column": 11
            },
            "end": {
              "line": 31,
              "column": 26
            }
          },
          {
            "start": {
              "line": 31,
              "column": 30
            },
            "end": {
              "line": 33,
              "column": 5
            }
          }
        ],
        "line": 31
      },
      "4": {
        "loc": {
          "start": {
            "line": 127,
            "column": 0
          },
          "end": {
            "line": 137,
            "column": 1
          }
        },
        "type": "if",
        "locations": [
          {
            "start": {
              "line": 127,
              "column": 0
            },
            "end": {
              "line": 137,
              "column": 1
            }
          },
          {
            "start": {},
            "end": {}
          }
        ],
        "line": 127
      },
      "5": {
        "loc": {
          "start": {
            "line": 131,
            "column": 2
          },
          "end": {
            "line": 136,
            "column": 3
          }
        },
        "type": "if",
        "locations": [
          {
            "start": {
              "line": 131,
              "column": 2
            },
            "end": {
              "line": 136,
              "column": 3
            }
          },
          {
            "start": {},
            "end": {}
          }
        ],
        "line": 131
      }
    },
    "s": {
      "0": 11,
      "1": 11,
      "2": 0,
      "3": 11,
      "4": 11,
      "5": 11,
      "6": 11,
      "7": 11,
      "8": 11,
      "9": 11,
      "10": 33,
      "11": 33,
      "12": 11,
      "13": 11,
      "14": 11,
      "15": 11,
      "16": 11,
      "17": 11,
      "18": 11,
      "19": 11,
      "20": 11,
      "21": 11,
      "22": 11,
      "23": 11,
      "24": 11
    },
    "f": {
      "0": 11,
      "1": 33,
      "2": 11
    },
    "b": {
      "0": [
        11,
        0
      ],
      "1": [
        0,
        11
      ],
      "2": [
        12,
        21
      ],
      "3": [
        33,
        0
      ],
      "4": [
        11,
        0
      ],
      "5": [
        11,
        0
      ]
    },
    "inputSourceMap": {
      "version": 3,
      "mappings": ";;;;;;;;;;;;;;;AAAA;AACA;AACA;;AAKA;AAAA;AAAAA;AAAAC;AAAAC;AAAAC;AAAA;AACA;AACA,SACA;AAAA,IACA;AAAA,IACA;AAAA,IACA;AAAA;AAAAF;AAAA,IAHA,GAIAG;AAAAA,IAJA,UAMAD;AAAAA,EANA;AAAA;AAAA;AAAA;AAAA;AASA;KAZAE;AAcAA;AAAAA,EAIAL;AAAAA,EAIAC;AAAAA,EAIAC;AAAAA,EAIAC;AAAAA,EAIAG;AApBA;AAuBAD;AAAAA,EACAJ;AAAAA,EACAD;AAAAA,EACAE;AAAAA,EACAI;AAJA",
      "names": [
        "primary",
        "backgroundColor",
        "size",
        "label",
        "props",
        "Button",
        "onClick"
      ],
      "sources": [
        ""
      ],
      "file": "/Users/yannbraga/open-source/storybook-coverage-recipes/react_vite/src/stories/Button.jsx"
    },
    "_coverageSchema": "1a1c01bbd47fc00a2c39e90264f33305004495a9",
    "hash": "dfac99ab2340f13ce31f9e9232c68dbe44b2d75e"
  },
  "/Users/yannbraga/open-source/storybook-coverage-recipes/react_vite/src/stories/Header.jsx": {
    "path": "/Users/yannbraga/open-source/storybook-coverage-recipes/react_vite/src/stories/Header.jsx",
    "statementMap": {
      "0": {
        "start": {
          "line": 4,
          "column": 0
        },
        "end": {
          "line": 14,
          "column": 1
        }
      },
      "1": {
        "start": {
          "line": 5,
          "column": 2
        },
        "end": {
          "line": 7,
          "column": 3
        }
      },
      "2": {
        "start": {
          "line": 6,
          "column": 4
        },
        "end": {
          "line": 6,
          "column": 165
        }
      },
      "3": {
        "start": {
          "line": 8,
          "column": 2
        },
        "end": {
          "line": 8,
          "column": 39
        }
      },
      "4": {
        "start": {
          "line": 9,
          "column": 2
        },
        "end": {
          "line": 9,
          "column": 39
        }
      },
      "5": {
        "start": {
          "line": 10,
          "column": 2
        },
        "end": {
          "line": 12,
          "column": 4
        }
      },
      "6": {
        "start": {
          "line": 11,
          "column": 4
        },
        "end": {
          "line": 11,
          "column": 133
        }
      },
      "7": {
        "start": {
          "line": 13,
          "column": 2
        },
        "end": {
          "line": 13,
          "column": 75
        }
      },
      "8": {
        "start": {
          "line": 15,
          "column": 19
        },
        "end": {
          "line": 15,
          "column": 110
        }
      },
      "9": {
        "start": {
          "line": 22,
          "column": 22
        },
        "end": {
          "line": 139,
          "column": 10
        }
      },
      "10": {
        "start": {
          "line": 27,
          "column": 22
        },
        "end": {
          "line": 139,
          "column": 10
        }
      },
      "11": {
        "start": {
          "line": 140,
          "column": 0
        },
        "end": {
          "line": 140,
          "column": 12
        }
      },
      "12": {
        "start": {
          "line": 141,
          "column": 0
        },
        "end": {
          "line": 146,
          "column": 2
        }
      },
      "13": {
        "start": {
          "line": 147,
          "column": 0
        },
        "end": {
          "line": 149,
          "column": 2
        }
      },
      "14": {
        "start": {
          "line": 151,
          "column": 0
        },
        "end": {
          "line": 190,
          "column": 2
        }
      },
      "15": {
        "start": {
          "line": 192,
          "column": 0
        },
        "end": {
          "line": 192,
          "column": 27
        }
      },
      "16": {
        "start": {
          "line": 193,
          "column": 0
        },
        "end": {
          "line": 203,
          "column": 1
        }
      },
      "17": {
        "start": {
          "line": 194,
          "column": 2
        },
        "end": {
          "line": 194,
          "column": 39
        }
      },
      "18": {
        "start": {
          "line": 195,
          "column": 2
        },
        "end": {
          "line": 195,
          "column": 39
        }
      },
      "19": {
        "start": {
          "line": 196,
          "column": 2
        },
        "end": {
          "line": 196,
          "column": 27
        }
      },
      "20": {
        "start": {
          "line": 197,
          "column": 2
        },
        "end": {
          "line": 202,
          "column": 3
        }
      },
      "21": {
        "start": {
          "line": 198,
          "column": 4
        },
        "end": {
          "line": 201,
          "column": 11
        }
      },
      "22": {
        "start": {
          "line": 199,
          "column": 6
        },
        "end": {
          "line": 199,
          "column": 45
        }
      },
      "23": {
        "start": {
          "line": 200,
          "column": 6
        },
        "end": {
          "line": 200,
          "column": 43
        }
      }
    },
    "fnMap": {
      "0": {
        "name": "(anonymous_0)",
        "decl": {
          "start": {
            "line": 10,
            "column": 24
          },
          "end": {
            "line": 10,
            "column": 25
          }
        },
        "loc": {
          "start": {
            "line": 10,
            "column": 38
          },
          "end": {
            "line": 12,
            "column": 3
          }
        },
        "line": 10
      },
      "1": {
        "name": "(anonymous_1)",
        "decl": {
          "start": {
            "line": 22,
            "column": 22
          },
          "end": {
            "line": 22,
            "column": 23
          }
        },
        "loc": {
          "start": {
            "line": 27,
            "column": 22
          },
          "end": {
            "line": 139,
            "column": 10
          }
        },
        "line": 27
      },
      "2": {
        "name": "(anonymous_2)",
        "decl": {
          "start": {
            "line": 198,
            "column": 52
          },
          "end": {
            "line": 198,
            "column": 53
          }
        },
        "loc": {
          "start": {
            "line": 198,
            "column": 58
          },
          "end": {
            "line": 201,
            "column": 5
          }
        },
        "line": 198
      }
    },
    "branchMap": {
      "0": {
        "loc": {
          "start": {
            "line": 4,
            "column": 0
          },
          "end": {
            "line": 14,
            "column": 1
          }
        },
        "type": "if",
        "locations": [
          {
            "start": {
              "line": 4,
              "column": 0
            },
            "end": {
              "line": 14,
              "column": 1
            }
          },
          {
            "start": {},
            "end": {}
          }
        ],
        "line": 4
      },
      "1": {
        "loc": {
          "start": {
            "line": 5,
            "column": 2
          },
          "end": {
            "line": 7,
            "column": 3
          }
        },
        "type": "if",
        "locations": [
          {
            "start": {
              "line": 5,
              "column": 2
            },
            "end": {
              "line": 7,
              "column": 3
            }
          },
          {
            "start": {},
            "end": {}
          }
        ],
        "line": 5
      },
      "2": {
        "loc": {
          "start": {
            "line": 82,
            "column": 16
          },
          "end": {
            "line": 124,
            "column": 22
          }
        },
        "type": "cond-expr",
        "locations": [
          {
            "start": {
              "line": 82,
              "column": 39
            },
            "end": {
              "line": 105,
              "column": 22
            }
          },
          {
            "start": {
              "line": 105,
              "column": 41
            },
            "end": {
              "line": 124,
              "column": 22
            }
          }
        ],
        "line": 82
      },
      "3": {
        "loc": {
          "start": {
            "line": 193,
            "column": 0
          },
          "end": {
            "line": 203,
            "column": 1
          }
        },
        "type": "if",
        "locations": [
          {
            "start": {
              "line": 193,
              "column": 0
            },
            "end": {
              "line": 203,
              "column": 1
            }
          },
          {
            "start": {},
            "end": {}
          }
        ],
        "line": 193
      },
      "4": {
        "loc": {
          "start": {
            "line": 197,
            "column": 2
          },
          "end": {
            "line": 202,
            "column": 3
          }
        },
        "type": "if",
        "locations": [
          {
            "start": {
              "line": 197,
              "column": 2
            },
            "end": {
              "line": 202,
              "column": 3
            }
          },
          {
            "start": {},
            "end": {}
          }
        ],
        "line": 197
      }
    },
    "s": {
      "0": 6,
      "1": 6,
      "2": 0,
      "3": 6,
      "4": 6,
      "5": 6,
      "6": 6,
      "7": 6,
      "8": 6,
      "9": 6,
      "10": 12,
      "11": 6,
      "12": 6,
      "13": 6,
      "14": 6,
      "15": 6,
      "16": 6,
      "17": 6,
      "18": 6,
      "19": 6,
      "20": 6,
      "21": 0,
      "22": 0,
      "23": 0
    },
    "f": {
      "0": 6,
      "1": 12,
      "2": 0
    },
    "b": {
      "0": [
        6,
        0
      ],
      "1": [
        0,
        6
      ],
      "2": [
        5,
        7
      ],
      "3": [
        6,
        0
      ],
      "4": [
        0,
        6
      ]
    },
    "inputSourceMap": {
      "version": 3,
      "mappings": ";;;;;;;;;;;;;;;AAAA;AACA;AAEA;AACA;;;AAEA;AAAA;AAAAA;AAAAC;AAAAC;AAAAC,MACA;AAAA,YACA;AAAA;AAAA,eACA;AAAA,iBACA;AAAA;AAAA;AAAA;AAAA;AAAA,kBACA;AAAA;AAAA;AAAA,qBACA;AAAA,YACA;AAAA,YACA;AAAA,UAFA;AAAA;AAAA;AAAA;AAAA,sBAIA;AAAA,YACA;AAAA,YACA;AAAA,UAFA;AAAA;AAAA;AAAA;AAAA,sBAIA;AAAA,YACA;AAAA,YACA;AAAA,UAFA;AAAA;AAAA;AAAA;AAAA,oBATA;AAAA;AAAA;AAAA;AAAA;AAAA;AAAA,MADA;AAAA;AAAA;AAAA;AAAA,kBAgBA;AAAA;AAAA;AAAA;AAAA;AAAA;AAAA,gBAjBA;AAAA;AAAA;AAAA;AAAA;AAAA,gBAmBA;AAAA,gBACAH,OACA;AAAA,mBACA;AAAA;AAAA,kCACA;AAAA;AAAA;AAAA;AAAA;AAAA;AAAA,sBADA;AAAA;AAAA;AAAA;AAAA;AAAA,oBAGA;AAAA;AAAA;AAAA;AAAA;AAAA;AAAA;AAAA;AAAA,kBAJA;AAAA,yBAOA;AAAA,mBACA;AAAA;AAAA;AAAA;AAAA;AAAA;AAAA;AAAA;AAAA,oBACA;AAAA;AAAA;AAAA;AAAA;AAAA;AAAA;AAAA;AAAA;AAAA,kBAFA;AAAA;AAAA,IATA;AAAA;AAAA;AAAA;AAAA,cApBA;AAAA;AAAA;AAAA;AAAA;AAAA;AADA;AAAA;AAAA;AAAA;AAAA;KADAI;AAyCAA;AAAAA,EACAJ;AAAAA,EACAC;AAAAA,EACAC;AAAAA,EACAC;AAJA;AAOAC;AAAAA,EACAJ;AADA",
      "names": [
        "user",
        "onLogin",
        "onLogout",
        "onCreateAccount",
        "Header"
      ],
      "sources": [
        ""
      ],
      "file": "/Users/yannbraga/open-source/storybook-coverage-recipes/react_vite/src/stories/Header.jsx"
    },
    "_coverageSchema": "1a1c01bbd47fc00a2c39e90264f33305004495a9",
    "hash": "9a84cbefa65eeda9638e600fe9a17ef9ad87a5bd"
  },
  "/Users/yannbraga/open-source/storybook-coverage-recipes/react_vite/src/stories/Page.jsx": {
    "path": "/Users/yannbraga/open-source/storybook-coverage-recipes/react_vite/src/stories/Page.jsx",
    "statementMap": {
      "0": {
        "start": {
          "line": 4,
          "column": 0
        },
        "end": {
          "line": 14,
          "column": 1
        }
      },
      "1": {
        "start": {
          "line": 5,
          "column": 2
        },
        "end": {
          "line": 7,
          "column": 3
        }
      },
      "2": {
        "start": {
          "line": 6,
          "column": 4
        },
        "end": {
          "line": 6,
          "column": 165
        }
      },
      "3": {
        "start": {
          "line": 8,
          "column": 2
        },
        "end": {
          "line": 8,
          "column": 39
        }
      },
      "4": {
        "start": {
          "line": 9,
          "column": 2
        },
        "end": {
          "line": 9,
          "column": 39
        }
      },
      "5": {
        "start": {
          "line": 10,
          "column": 2
        },
        "end": {
          "line": 12,
          "column": 4
        }
      },
      "6": {
        "start": {
          "line": 11,
          "column": 4
        },
        "end": {
          "line": 11,
          "column": 131
        }
      },
      "7": {
        "start": {
          "line": 13,
          "column": 2
        },
        "end": {
          "line": 13,
          "column": 75
        }
      },
      "8": {
        "start": {
          "line": 15,
          "column": 19
        },
        "end": {
          "line": 15,
          "column": 108
        }
      },
      "9": {
        "start": {
          "line": 15,
          "column": 115
        },
        "end": {
          "line": 15,
          "column": 129
        }
      },
      "10": {
        "start": {
          "line": 20,
          "column": 20
        },
        "end": {
          "line": 164,
          "column": 1
        }
      },
      "11": {
        "start": {
          "line": 21,
          "column": 2
        },
        "end": {
          "line": 21,
          "column": 7
        }
      },
      "12": {
        "start": {
          "line": 22,
          "column": 26
        },
        "end": {
          "line": 22,
          "column": 42
        }
      },
      "13": {
        "start": {
          "line": 23,
          "column": 2
        },
        "end": {
          "line": 163,
          "column": 13
        }
      },
      "14": {
        "start": {
          "line": 26,
          "column": 21
        },
        "end": {
          "line": 28,
          "column": 8
        }
      },
      "15": {
        "start": {
          "line": 29,
          "column": 22
        },
        "end": {
          "line": 29,
          "column": 37
        }
      },
      "16": {
        "start": {
          "line": 30,
          "column": 29
        },
        "end": {
          "line": 32,
          "column": 8
        }
      },
      "17": {
        "start": {
          "line": 165,
          "column": 0
        },
        "end": {
          "line": 165,
          "column": 41
        }
      },
      "18": {
        "start": {
          "line": 166,
          "column": 0
        },
        "end": {
          "line": 166,
          "column": 10
        }
      },
      "19": {
        "start": {
          "line": 168,
          "column": 0
        },
        "end": {
          "line": 172,
          "column": 2
        }
      },
      "20": {
        "start": {
          "line": 174,
          "column": 0
        },
        "end": {
          "line": 174,
          "column": 25
        }
      },
      "21": {
        "start": {
          "line": 175,
          "column": 0
        },
        "end": {
          "line": 185,
          "column": 1
        }
      },
      "22": {
        "start": {
          "line": 176,
          "column": 2
        },
        "end": {
          "line": 176,
          "column": 39
        }
      },
      "23": {
        "start": {
          "line": 177,
          "column": 2
        },
        "end": {
          "line": 177,
          "column": 39
        }
      },
      "24": {
        "start": {
          "line": 178,
          "column": 2
        },
        "end": {
          "line": 178,
          "column": 27
        }
      },
      "25": {
        "start": {
          "line": 179,
          "column": 2
        },
        "end": {
          "line": 184,
          "column": 3
        }
      },
      "26": {
        "start": {
          "line": 180,
          "column": 4
        },
        "end": {
          "line": 183,
          "column": 11
        }
      },
      "27": {
        "start": {
          "line": 181,
          "column": 6
        },
        "end": {
          "line": 181,
          "column": 45
        }
      },
      "28": {
        "start": {
          "line": 182,
          "column": 6
        },
        "end": {
          "line": 182,
          "column": 43
        }
      }
    },
    "fnMap": {
      "0": {
        "name": "(anonymous_0)",
        "decl": {
          "start": {
            "line": 10,
            "column": 24
          },
          "end": {
            "line": 10,
            "column": 25
          }
        },
        "loc": {
          "start": {
            "line": 10,
            "column": 38
          },
          "end": {
            "line": 12,
            "column": 3
          }
        },
        "line": 10
      },
      "1": {
        "name": "(anonymous_1)",
        "decl": {
          "start": {
            "line": 20,
            "column": 20
          },
          "end": {
            "line": 20,
            "column": 21
          }
        },
        "loc": {
          "start": {
            "line": 20,
            "column": 26
          },
          "end": {
            "line": 164,
            "column": 1
          }
        },
        "line": 20
      },
      "2": {
        "name": "(anonymous_2)",
        "decl": {
          "start": {
            "line": 26,
            "column": 15
          },
          "end": {
            "line": 26,
            "column": 16
          }
        },
        "loc": {
          "start": {
            "line": 26,
            "column": 21
          },
          "end": {
            "line": 28,
            "column": 8
          }
        },
        "line": 26
      },
      "3": {
        "name": "(anonymous_3)",
        "decl": {
          "start": {
            "line": 29,
            "column": 16
          },
          "end": {
            "line": 29,
            "column": 17
          }
        },
        "loc": {
          "start": {
            "line": 29,
            "column": 22
          },
          "end": {
            "line": 29,
            "column": 37
          }
        },
        "line": 29
      },
      "4": {
        "name": "(anonymous_4)",
        "decl": {
          "start": {
            "line": 30,
            "column": 23
          },
          "end": {
            "line": 30,
            "column": 24
          }
        },
        "loc": {
          "start": {
            "line": 30,
            "column": 29
          },
          "end": {
            "line": 32,
            "column": 8
          }
        },
        "line": 30
      },
      "5": {
        "name": "(anonymous_5)",
        "decl": {
          "start": {
            "line": 180,
            "column": 52
          },
          "end": {
            "line": 180,
            "column": 53
          }
        },
        "loc": {
          "start": {
            "line": 180,
            "column": 58
          },
          "end": {
            "line": 183,
            "column": 5
          }
        },
        "line": 180
      }
    },
    "branchMap": {
      "0": {
        "loc": {
          "start": {
            "line": 4,
            "column": 0
          },
          "end": {
            "line": 14,
            "column": 1
          }
        },
        "type": "if",
        "locations": [
          {
            "start": {
              "line": 4,
              "column": 0
            },
            "end": {
              "line": 14,
              "column": 1
            }
          },
          {
            "start": {},
            "end": {}
          }
        ],
        "line": 4
      },
      "1": {
        "loc": {
          "start": {
            "line": 5,
            "column": 2
          },
          "end": {
            "line": 7,
            "column": 3
          }
        },
        "type": "if",
        "locations": [
          {
            "start": {
              "line": 5,
              "column": 2
            },
            "end": {
              "line": 7,
              "column": 3
            }
          },
          {
            "start": {},
            "end": {}
          }
        ],
        "line": 5
      },
      "2": {
        "loc": {
          "start": {
            "line": 175,
            "column": 0
          },
          "end": {
            "line": 185,
            "column": 1
          }
        },
        "type": "if",
        "locations": [
          {
            "start": {
              "line": 175,
              "column": 0
            },
            "end": {
              "line": 185,
              "column": 1
            }
          },
          {
            "start": {},
            "end": {}
          }
        ],
        "line": 175
      },
      "3": {
        "loc": {
          "start": {
            "line": 179,
            "column": 2
          },
          "end": {
            "line": 184,
            "column": 3
          }
        },
        "type": "if",
        "locations": [
          {
            "start": {
              "line": 179,
              "column": 2
            },
            "end": {
              "line": 184,
              "column": 3
            }
          },
          {
            "start": {},
            "end": {}
          }
        ],
        "line": 179
      }
    },
    "s": {
      "0": 3,
      "1": 3,
      "2": 0,
      "3": 3,
      "4": 3,
      "5": 3,
      "6": 3,
      "7": 3,
      "8": 3,
      "9": 3,
      "10": 3,
      "11": 7,
      "12": 7,
      "13": 7,
      "14": 2,
      "15": 0,
      "16": 0,
      "17": 3,
      "18": 3,
      "19": 3,
      "20": 3,
      "21": 3,
      "22": 3,
      "23": 3,
      "24": 3,
      "25": 3,
      "26": 0,
      "27": 0,
      "28": 0
    },
    "f": {
      "0": 3,
      "1": 7,
      "2": 2,
      "3": 0,
      "4": 0,
      "5": 0
    },
    "b": {
      "0": [
        3,
        0
      ],
      "1": [
        0,
        3
      ],
      "2": [
        3,
        0
      ],
      "3": [
        0,
        3
      ]
    },
    "inputSourceMap": {
      "version": 3,
      "mappings": ";;;;;;;;;;;;;;;AAAA;AAEA;AACA;;AAEA;AAAA;AACA;AAEA,SACA;AAAA,eACA;AAAA,MACA;AAAA,MACA;AAAA;AAAAA;AAAA,MACA;AAAA,MACA;AAAA;AAAAA;AAAA,IAJA;AAAA;AAAA;AAAA;AAAA,gBAOA;AAAA,iBACA;AAAA;AAAA;AAAA;AAAA;AAAA;AAAA,kBACA;AAAA,uDACA,KACA;AAAA;AAAA;AAAA;AAAA,oBACA;AAAA;AAAA;AAAA;AAAA;AAAA;AAAA;AAAA,QADA;AAAA;AAAA;AAAA;AAAA,oBAEA,KAJA;AAAA;AAAA;AAAA;AAAA;AAAA,kBAOA;AAAA;AAAA;AAAA;AAAA;AAAA;AAAA,kBAKA;AAAA,mBACA;AAAA;AAAA;AAAA;AAAA;AAAA;AAAA,oBAIA;AAAA;AAAA;AAAA;AAAA;AAAA;AAAA,kBALA;AAAA;AAAA;AAAA;AAAA;AAAA,kBAUA;AAAA,+EACA,KACA;AAAA;AAAA;AAAA;AAAA;AAAA;AAAA;AAAA;AAAA;AAAA,oBAFA,sBAKA,KACA;AAAA;AAAA;AAAA;AAAA;AAAA;AAAA;AAAA;AAAA;AAAA,oBANA;AAAA;AAAA;AAAA;AAAA;AAAA,kBAWA;AAAA;AAAA,mBACA;AAAA;AAAA;AAAA;AAAA;AAAA;AAAA;AAAA,oBADA,4CACA,KACA;AAAA;AAAA;AAAA;AAAA;AAAA,oBACA;AAAA;AAAA;AAAA,sBACA;AAAA,cACA;AAAA,cACA;AAAA,cACA;AAAA,YAHA;AAAA;AAAA;AAAA;AAAA;AAAA,UADA;AAAA;AAAA;AAAA;AAAA;AAAA,QADA;AAAA;AAAA;AAAA;AAAA,oBAFA;AAAA;AAAA;AAAA;AAAA;AAAA,gBAnCA;AAAA;AAAA;AAAA;AAAA;AAAA,cARA;AAAA;AAAA;AAAA;AAAA;AAAA;AA2DA;GA/DAC,M;KAAAA",
      "names": [
        "name",
        "Page"
      ],
      "sources": [
        ""
      ],
      "file": "/Users/yannbraga/open-source/storybook-coverage-recipes/react_vite/src/stories/Page.jsx"
    },
    "_coverageSchema": "1a1c01bbd47fc00a2c39e90264f33305004495a9",
    "hash": "626f148a5f268b09ff42b85aaef8d152a0493851"
  }
}