{
  "/Users/yannbraga/open-source/storybook-coverage-recipes/react_vite/.storybook/preview.js": {
    "path": "/Users/yannbraga/open-source/storybook-coverage-recipes/react_vite/.storybook/preview.js",
    "statementMap": {
      "0": {
        "start": {
          "line": 1,
          "column": 26
        },
        "end": {
          "line": 9,
          "column": null
        }
      }
    },
    "fnMap": {},
    "branchMap": {},
    "s": {
      "0": 8
    },
    "f": {},
    "b": {}
  },
  "/Users/yannbraga/open-source/storybook-coverage-recipes/react_vite/src/stories": {
    "path": "/Users/yannbraga/open-source/storybook-coverage-recipes/react_vite/src/stories",
    "statementMap": {
      "0": {
        "start": {
          "line": 8,
          "column": 0
        },
        "end": {
          "line": 20,
          "column": null
        }
      },
      "1": {
        "start": {
          "line": 9,
          "column": 0
        },
        "end": {
          "line": 9,
          "column": null
        }
      },
      "2": {
        "start": {
          "line": 10,
          "column": 0
        },
        "end": {
          "line": 11,
          "column": null
        }
      },
      "3": {
        "start": {
          "line": 8,
          "column": 0
        },
        "end": {
          "line": 8,
          "column": null
        }
      },
      "4": {
        "start": {
          "line": 22,
          "column": 0
        },
        "end": {
          "line": 22,
          "column": null
        }
      },
      "5": {
        "start": {
          "line": 45,
          "column": 0
        },
        "end": {
          "line": 45,
          "column": null
        }
      },
      "6": {
        "start": {
          "line": 7,
          "column": 0
        },
        "end": {
          "line": 8,
          "column": null
        }
      },
      "7": {
        "start": {
          "line": 7,
          "column": 0
        },
        "end": {
          "line": 7,
          "column": null
        }
      },
      "8": {
        "start": {
          "line": 48,
          "column": 0
        },
        "end": {
          "line": 48,
          "column": null
        }
      },
      "9": {
        "start": {
          "line": 55,
          "column": 0
        },
        "end": {
          "line": 55,
          "column": null
        }
      },
      "10": {
        "start": {
          "line": 6,
          "column": 0
        },
        "end": {
          "line": 69,
          "column": null
        }
      },
      "11": {
        "start": {
          "line": 6,
          "column": 0
        },
        "end": {
          "line": 6,
          "column": null
        }
      },
      "12": {
        "start": {
          "line": 9,
          "column": 0
        },
        "end": {
          "line": 10,
          "column": null
        }
      },
      "13": {
        "start": {
          "line": 13,
          "column": 0
        },
        "end": {
          "line": 13,
          "column": null
        }
      },
      "14": {
        "start": {
          "line": 14,
          "column": 0
        },
        "end": {
          "line": 14,
          "column": null
        }
      },
      "15": {
        "start": {
          "line": 15,
          "column": 0
        },
        "end": {
          "line": 15,
          "column": null
        }
      }
    },
    "fnMap": {
      "0": {
        "name": "(anonymous_1)",
        "decl": {
          "start": {
            "line": 8,
            "column": 0
          },
          "end": {
            "line": 8,
            "column": null
          }
        },
        "loc": {
          "start": {
            "line": 8,
            "column": 0
          },
          "end": {
            "line": 20,
            "column": null
          }
        }
      },
      "1": {
        "name": "(anonymous_1)",
        "decl": {
          "start": {
            "line": 7,
            "column": 0
          },
          "end": {
            "line": 7,
            "column": null
          }
        },
        "loc": {
          "start": {
            "line": 8,
            "column": 0
          },
          "end": {
            "line": 8,
            "column": null
          }
        }
      },
      "2": {
        "name": "(anonymous_1)",
        "decl": {
          "start": {
            "line": 6,
            "column": 0
          },
          "end": {
            "line": 6,
            "column": null
          }
        },
        "loc": {
          "start": {
            "line": 6,
            "column": 0
          },
          "end": {
            "line": 69,
            "column": null
          }
        }
      },
      "3": {
        "name": "(anonymous_2)",
        "decl": {
          "start": {
            "line": 13,
            "column": 0
          },
          "end": {
            "line": 13,
            "column": null
          }
        },
        "loc": {
          "start": {
            "line": 13,
            "column": 0
          },
          "end": {
            "line": 13,
            "column": null
          }
        }
      },
      "4": {
        "name": "(anonymous_3)",
        "decl": {
          "start": {
            "line": 14,
            "column": 0
          },
          "end": {
            "line": 14,
            "column": null
          }
        },
        "loc": {
          "start": {
            "line": 14,
            "column": 0
          },
          "end": {
            "line": 14,
            "column": null
          }
        }
      },
      "5": {
        "name": "(anonymous_4)",
        "decl": {
          "start": {
            "line": 15,
            "column": 0
          },
          "end": {
            "line": 15,
            "column": null
          }
        },
        "loc": {
          "start": {
            "line": 15,
            "column": 0
          },
          "end": {
            "line": 15,
            "column": null
          }
        }
      }
    },
    "branchMap": {
      "0": {
        "loc": {
          "start": {
            "line": 9,
            "column": 0
          },
          "end": {
            "line": 9,
            "column": null
          }
        },
        "type": "cond-expr",
        "locations": [
          {
            "start": {
              "line": 9,
              "column": 0
            },
            "end": {
              "line": 9,
              "column": null
            }
          },
          {
            "start": {
              "line": 9,
              "column": 0
            },
            "end": {
              "line": 9,
              "column": null
            }
          }
        ]
      },
      "1": {
        "loc": {
          "start": {
            "line": 14,
            "column": 0
          },
          "end": {
            "line": 14,
            "column": null
          }
        },
        "type": "binary-expr",
        "locations": [
          {
            "start": {
              "line": 14,
              "column": 0
            },
            "end": {
              "line": 14,
              "column": null
            }
          },
          {
            "start": {
              "line": 14,
              "column": 0
            },
            "end": {
              "line": 14,
              "column": null
            }
          }
        ]
      },
      "2": {
        "loc": {
          "start": {
            "line": 30,
            "column": 0
          },
          "end": {
            "line": 38,
            "column": null
          }
        },
        "type": "cond-expr",
        "locations": [
          {
            "start": {
              "line": 31,
              "column": 0
            },
            "end": {
              "line": 31,
              "column": null
            }
          },
          {
            "start": {
              "line": 38,
              "column": 0
            },
            "end": {
              "line": 38,
              "column": null
            }
          }
        ]
      }
    },
    "s": {
      "0": 8,
      "1": 21,
      "2": 21,
      "3": 15,
      "4": 8,
      "5": 8,
      "6": 4,
      "7": 8,
      "8": 4,
      "9": 4,
      "10": 2,
      "11": 6,
      "12": 4,
      "13": 1,
      "14": 0,
      "15": 0
    },
    "f": {
      "0": 21,
      "1": 7,
      "2": 4,
      "3": 1,
      "4": 0,
      "5": 0
    },
    "b": {
      "0": [
        8,
        13
      ],
      "1": [
        21,
        0
      ],
      "2": [
        3,
        4
      ]
    }
  }
}