{
  "/Users/yannbraga/open-source/storybook-coverage-recipes/vue3/.storybook/preview.js": {
    "path": "/Users/yannbraga/open-source/storybook-coverage-recipes/vue3/.storybook/preview.js",
    "statementMap": {
      "0": {
        "start": {
          "line": 1,
          "column": 26
        },
        "end": {
          "line": 9,
          "column": 1
        }
      }
    },
    "fnMap": {},
    "branchMap": {},
    "s": {
      "0": 9
    },
    "f": {},
    "b": {},
    "_coverageSchema": "1a1c01bbd47fc00a2c39e90264f33305004495a9",
    "hash": "6039be7db6d50cdeaa3ccd18a57749ea4e1aa06d"
  },
  "/Users/yannbraga/open-source/storybook-coverage-recipes/vue3/src/stories/Button.vue": {
    "path": "/Users/yannbraga/open-source/storybook-coverage-recipes/vue3/src/stories/Button.vue",
    "statementMap": {
      "0": {
        "start": {
          "line": 24,
          "column": 8
        },
        "end": {
          "line": 24,
          "column": null
        }
      },
      "1": {
        "start": {
          "line": 35,
          "column": 4
        },
        "end": {
          "line": 35,
          "column": null
        }
      },
      "2": {
        "start": {
          "line": 36,
          "column": 4
        },
        "end": {
          "line": 49,
          "column": null
        }
      },
      "3": {
        "start": {
          "line": 37,
          "column": 31
        },
        "end": {
          "line": 42,
          "column": 7
        }
      },
      "4": {
        "start": {
          "line": 43,
          "column": 29
        },
        "end": {
          "line": 45,
          "column": 7
        }
      },
      "5": {
        "start": {
          "line": 47,
          "column": 8
        },
        "end": {
          "line": 47,
          "column": null
        }
      }
    },
    "fnMap": {
      "0": {
        "name": "(anonymous_0)",
        "decl": {
          "start": {
            "line": 23,
            "column": 17
          },
          "end": {
            "line": 23,
            "column": 18
          }
        },
        "loc": {
          "start": {
            "line": 23,
            "column": 34
          },
          "end": {
            "line": 25,
            "column": 7
          }
        }
      },
      "1": {
        "name": "(anonymous_1)",
        "decl": {
          "start": {
            "line": 34,
            "column": 2
          },
          "end": {
            "line": 34,
            "column": 3
          }
        },
        "loc": {
          "start": {
            "line": 34,
            "column": 25
          },
          "end": {
            "line": 50,
            "column": 3
          }
        }
      },
      "2": {
        "name": "(anonymous_2)",
        "decl": {
          "start": {
            "line": 37,
            "column": 24
          },
          "end": {
            "line": 37,
            "column": 25
          }
        },
        "loc": {
          "start": {
            "line": 37,
            "column": 31
          },
          "end": {
            "line": 42,
            "column": 7
          }
        }
      },
      "3": {
        "name": "(anonymous_3)",
        "decl": {
          "start": {
            "line": 43,
            "column": 22
          },
          "end": {
            "line": 43,
            "column": 23
          }
        },
        "loc": {
          "start": {
            "line": 43,
            "column": 29
          },
          "end": {
            "line": 45,
            "column": 7
          }
        }
      },
      "4": {
        "name": "(anonymous_4)",
        "decl": {
          "start": {
            "line": 46,
            "column": 6
          },
          "end": {
            "line": 46,
            "column": 7
          }
        },
        "loc": {
          "start": {
            "line": 46,
            "column": 16
          },
          "end": {
            "line": 48,
            "column": null
          }
        }
      }
    },
    "branchMap": {
      "0": {
        "loc": {
          "start": {
            "line": 41,
            "column": 30
          },
          "end": {
            "line": 41,
            "column": 52
          }
        },
        "type": "binary-expr",
        "locations": [
          {
            "start": {
              "line": 41,
              "column": 30
            },
            "end": {
              "line": 41,
              "column": 41
            }
          },
          {
            "start": {
              "line": 41,
              "column": 44
            },
            "end": {
              "line": 41,
              "column": 52
            }
          }
        ]
      }
    },
    "s": {
      "0": 16,
      "1": 25,
      "2": 25,
      "3": 25,
      "4": 25,
      "5": 1
    },
    "f": {
      "0": 16,
      "1": 25,
      "2": 25,
      "3": 25,
      "4": 1
    },
    "b": {
      "0": [
        25,
        9
      ]
    }
  },
  "/Users/yannbraga/open-source/storybook-coverage-recipes/vue3/src/stories/Page.vue": {
    "path": "/Users/yannbraga/open-source/storybook-coverage-recipes/vue3/src/stories/Page.vue",
    "statementMap": {
      "0": {
        "start": {
          "line": 71,
          "column": 4
        },
        "end": {
          "line": 73,
          "column": null
        }
      },
      "1": {
        "start": {
          "line": 78,
          "column": 6
        },
        "end": {
          "line": 78,
          "column": null
        }
      },
      "2": {
        "start": {
          "line": 81,
          "column": 6
        },
        "end": {
          "line": 81,
          "column": null
        }
      },
      "3": {
        "start": {
          "line": 84,
          "column": 6
        },
        "end": {
          "line": 84,
          "column": null
        }
      }
    },
    "fnMap": {
      "0": {
        "name": "(anonymous_0)",
        "decl": {
          "start": {
            "line": 70,
            "column": 2
          },
          "end": {
            "line": 70,
            "column": 3
          }
        },
        "loc": {
          "start": {
            "line": 70,
            "column": 9
          },
          "end": {
            "line": 74,
            "column": 3
          }
        }
      },
      "1": {
        "name": "(anonymous_1)",
        "decl": {
          "start": {
            "line": 77,
            "column": 4
          },
          "end": {
            "line": 77,
            "column": 5
          }
        },
        "loc": {
          "start": {
            "line": 77,
            "column": 14
          },
          "end": {
            "line": 79,
            "column": 5
          }
        }
      },
      "2": {
        "name": "(anonymous_2)",
        "decl": {
          "start": {
            "line": 80,
            "column": 4
          },
          "end": {
            "line": 80,
            "column": 5
          }
        },
        "loc": {
          "start": {
            "line": 80,
            "column": 15
          },
          "end": {
            "line": 82,
            "column": 5
          }
        }
      },
      "3": {
        "name": "(anonymous_3)",
        "decl": {
          "start": {
            "line": 83,
            "column": 4
          },
          "end": {
            "line": 83,
            "column": 5
          }
        },
        "loc": {
          "start": {
            "line": 83,
            "column": 22
          },
          "end": {
            "line": 85,
            "column": 5
          }
        }
      }
    },
    "branchMap": {},
    "s": {
      "0": 3,
      "1": 1,
      "2": 0,
      "3": 0
    },
    "f": {
      "0": 3,
      "1": 1,
      "2": 0,
      "3": 0
    },
    "b": {}
  }
}