{
  "/Users/yannbraga/open-source/storybook-coverage-recipes/vue/.storybook/preview.js": {
    "path": "/Users/yannbraga/open-source/storybook-coverage-recipes/vue/.storybook/preview.js",
    "statementMap": {
      "0": {
        "start": {
          "line": 1,
          "column": 26
        },
        "end": {
          "line": 9,
          "column": 1
        }
      }
    },
    "fnMap": {},
    "branchMap": {},
    "s": {
      "0": 9
    },
    "f": {},
    "b": {},
    "_coverageSchema": "1a1c01bbd47fc00a2c39e90264f33305004495a9",
    "hash": "c9d53ddc814cc07925e0d06a48d5446b335c5f6e"
  },
  "/Users/yannbraga/open-source/storybook-coverage-recipes/vue/src/stories/src/stories/Button.vue": {
    "path": "/Users/yannbraga/open-source/storybook-coverage-recipes/vue/src/stories/src/stories/Button.vue",
    "statementMap": {
      "0": {
        "start": {
          "line": 24,
          "column": 0
        },
        "end": {
          "line": 24,
          "column": null
        }
      },
      "1": {
        "start": {
          "line": 34,
          "column": 0
        },
        "end": {
          "line": 39,
          "column": null
        }
      },
      "2": {
        "start": {
          "line": 42,
          "column": 0
        },
        "end": {
          "line": 44,
          "column": null
        }
      },
      "3": {
        "start": {
          "line": 50,
          "column": 0
        },
        "end": {
          "line": 50,
          "column": null
        }
      }
    },
    "fnMap": {
      "0": {
        "name": "(anonymous_0)",
        "decl": {
          "start": {
            "line": 23,
            "column": 0
          },
          "end": {
            "line": 23,
            "column": null
          }
        },
        "loc": {
          "start": {
            "line": 23,
            "column": 0
          },
          "end": {
            "line": 25,
            "column": null
          }
        }
      },
      "1": {
        "name": "(anonymous_1)",
        "decl": {
          "start": {
            "line": 33,
            "column": 0
          },
          "end": {
            "line": 33,
            "column": null
          }
        },
        "loc": {
          "start": {
            "line": 33,
            "column": 0
          },
          "end": {
            "line": 40,
            "column": null
          }
        }
      },
      "2": {
        "name": "(anonymous_2)",
        "decl": {
          "start": {
            "line": 41,
            "column": 0
          },
          "end": {
            "line": 41,
            "column": null
          }
        },
        "loc": {
          "start": {
            "line": 41,
            "column": 0
          },
          "end": {
            "line": 45,
            "column": null
          }
        }
      },
      "3": {
        "name": "(anonymous_3)",
        "decl": {
          "start": {
            "line": 49,
            "column": 0
          },
          "end": {
            "line": 49,
            "column": null
          }
        },
        "loc": {
          "start": {
            "line": 49,
            "column": 0
          },
          "end": {
            "line": 51,
            "column": null
          }
        }
      }
    },
    "branchMap": {},
    "s": {
      "0": 25,
      "1": 25,
      "2": 24,
      "3": 1
    },
    "f": {
      "0": 25,
      "1": 25,
      "2": 24,
      "3": 1
    },
    "b": {}
  },
  "/Users/yannbraga/open-source/storybook-coverage-recipes/vue/src/stories/src/stories/Header.vue": {
    "path": "/Users/yannbraga/open-source/storybook-coverage-recipes/vue/src/stories/src/stories/Header.vue",
    "statementMap": {
      "0": {
        "start": {
          "line": 50,
          "column": 0
        },
        "end": {
          "line": 50,
          "column": null
        }
      },
      "1": {
        "start": {
          "line": 53,
          "column": 0
        },
        "end": {
          "line": 53,
          "column": null
        }
      },
      "2": {
        "start": {
          "line": 56,
          "column": 0
        },
        "end": {
          "line": 56,
          "column": null
        }
      }
    },
    "fnMap": {
      "0": {
        "name": "(anonymous_0)",
        "decl": {
          "start": {
            "line": 49,
            "column": 0
          },
          "end": {
            "line": 49,
            "column": null
          }
        },
        "loc": {
          "start": {
            "line": 49,
            "column": 0
          },
          "end": {
            "line": 51,
            "column": null
          }
        }
      },
      "1": {
        "name": "(anonymous_1)",
        "decl": {
          "start": {
            "line": 52,
            "column": 0
          },
          "end": {
            "line": 52,
            "column": null
          }
        },
        "loc": {
          "start": {
            "line": 52,
            "column": 0
          },
          "end": {
            "line": 54,
            "column": null
          }
        }
      },
      "2": {
        "name": "(anonymous_2)",
        "decl": {
          "start": {
            "line": 55,
            "column": 0
          },
          "end": {
            "line": 55,
            "column": null
          }
        },
        "loc": {
          "start": {
            "line": 55,
            "column": 0
          },
          "end": {
            "line": 57,
            "column": null
          }
        }
      }
    },
    "branchMap": {},
    "s": {
      "0": 1,
      "1": 0,
      "2": 0
    },
    "f": {
      "0": 1,
      "1": 0,
      "2": 0
    },
    "b": {}
  },
  "/Users/yannbraga/open-source/storybook-coverage-recipes/vue/src/stories/src/stories/Page.vue": {
    "path": "/Users/yannbraga/open-source/storybook-coverage-recipes/vue/src/stories/src/stories/Page.vue",
    "statementMap": {
      "0": {
        "start": {
          "line": 71,
          "column": 0
        },
        "end": {
          "line": 73,
          "column": null
        }
      },
      "1": {
        "start": {
          "line": 78,
          "column": 0
        },
        "end": {
          "line": 78,
          "column": null
        }
      },
      "2": {
        "start": {
          "line": 81,
          "column": 0
        },
        "end": {
          "line": 81,
          "column": null
        }
      },
      "3": {
        "start": {
          "line": 84,
          "column": 0
        },
        "end": {
          "line": 84,
          "column": null
        }
      }
    },
    "fnMap": {
      "0": {
        "name": "(anonymous_0)",
        "decl": {
          "start": {
            "line": 70,
            "column": 0
          },
          "end": {
            "line": 70,
            "column": null
          }
        },
        "loc": {
          "start": {
            "line": 70,
            "column": 0
          },
          "end": {
            "line": 74,
            "column": null
          }
        }
      },
      "1": {
        "name": "(anonymous_1)",
        "decl": {
          "start": {
            "line": 77,
            "column": 0
          },
          "end": {
            "line": 77,
            "column": null
          }
        },
        "loc": {
          "start": {
            "line": 77,
            "column": 0
          },
          "end": {
            "line": 79,
            "column": null
          }
        }
      },
      "2": {
        "name": "(anonymous_2)",
        "decl": {
          "start": {
            "line": 80,
            "column": 0
          },
          "end": {
            "line": 80,
            "column": null
          }
        },
        "loc": {
          "start": {
            "line": 80,
            "column": 0
          },
          "end": {
            "line": 82,
            "column": null
          }
        }
      },
      "3": {
        "name": "(anonymous_3)",
        "decl": {
          "start": {
            "line": 83,
            "column": 0
          },
          "end": {
            "line": 83,
            "column": null
          }
        },
        "loc": {
          "start": {
            "line": 83,
            "column": 0
          },
          "end": {
            "line": 85,
            "column": null
          }
        }
      }
    },
    "branchMap": {},
    "s": {
      "0": 3,
      "1": 1,
      "2": 0,
      "3": 0
    },
    "f": {
      "0": 3,
      "1": 1,
      "2": 0,
      "3": 0
    },
    "b": {}
  }
}